<?xml version="1.0" encoding="UTF-8"?>
<testng-results skipped="0" failed="0" ignored="0" total="2" passed="2">
  <reporter-output>
  </reporter-output>
  <suite name="Default suite" duration-ms="26214" started-at="2019-12-14T14:12:20Z" finished-at="2019-12-14T14:12:47Z">
    <groups>
    </groups>
    <test name="Default test" duration-ms="26214" started-at="2019-12-14T14:12:20Z" finished-at="2019-12-14T14:12:47Z">
      <class name="FinalObject.SpiceJet.MainTest">
        <test-method status="PASS" signature="CallingChrome()[pri:0, instance:FinalObject.SpiceJet.MainTest@6767c1fc]" name="CallingChrome" duration-ms="11088" started-at="2019-12-14T14:12:20Z" finished-at="2019-12-14T14:12:32Z">
          <reporter-output>
          </reporter-output>
        </test-method> <!-- CallingChrome -->
        <test-method status="PASS" signature="OpenWebSite()[pri:1, instance:FinalObject.SpiceJet.MainTest@6767c1fc]" name="OpenWebSite" duration-ms="15035" started-at="2019-12-14T14:12:32Z" finished-at="2019-12-14T14:12:47Z">
          <reporter-output>
          </reporter-output>
        </test-method> <!-- OpenWebSite -->
      </class> <!-- FinalObject.SpiceJet.MainTest -->
    </test> <!-- Default test -->
  </suite> <!-- Default suite -->
</testng-results>
