<?xml version="1.0" encoding="UTF-8"?>
<testng-results skipped="0" failed="0" ignored="0" total="1" passed="1">
  <reporter-output>
  </reporter-output>
  <suite name="Default suite" duration-ms="135222" started-at="2019-12-14T16:21:32Z" finished-at="2019-12-14T16:23:47Z">
    <groups>
    </groups>
    <test name="Default test" duration-ms="135222" started-at="2019-12-14T16:21:32Z" finished-at="2019-12-14T16:23:47Z">
      <class name="FinalObject.SpiceJet.ValdatingHomePageBar">
        <test-method status="PASS" signature="Homep1()[pri:0, instance:FinalObject.SpiceJet.ValdatingHomePageBar@46d56d67]" name="Homep1" duration-ms="135074" started-at="2019-12-14T16:21:32Z" finished-at="2019-12-14T16:23:47Z">
          <reporter-output>
          </reporter-output>
        </test-method> <!-- Homep1 -->
      </class> <!-- FinalObject.SpiceJet.ValdatingHomePageBar -->
    </test> <!-- Default test -->
  </suite> <!-- Default suite -->
</testng-results>
